# JRE version: OpenJDK Runtime Environment (10.0.2+13) (build 10.0.2+13-Ubuntu-1ubuntu0.18.04.3)
# Java VM: OpenJDK 64-Bit Server VM (10.0.2+13-Ubuntu-1ubuntu0.18.04.3, mixed mode, tiered, compressed oops, serial gc, linux-amd64)
Heap:
 def new generation   total 19136K, used 0K [0x00000000c2a00000, 0x00000000c3ec0000, 0x00000000d7150000)
  eden space 17024K,   0% used [0x00000000c2a00000, 0x00000000c2a00000, 0x00000000c3aa0000)
  from space 2112K,   0% used [0x00000000c3aa0000, 0x00000000c3aa0000, 0x00000000c3cb0000)
  to   space 2112K,   0% used [0x00000000c3cb0000, 0x00000000c3cb0000, 0x00000000c3ec0000)
 tenured generation   total 42368K, used 11307K [0x00000000d7150000, 0x00000000d9ab0000, 0x0000000100000000)
   the space 42368K,  26% used [0x00000000d7150000, 0x00000000d7c5acb0, 0x00000000d7c5ae00, 0x00000000d9ab0000)
 Metaspace       used 23236K, capacity 23679K, committed 24112K, reserved 1071104K
  class space    used 2404K, capacity 2608K, committed 2608K, reserved 1048576K
GC Heap History (10 events):
Event: 5.519 GC heap before
{Heap before GC invocations=1 (full 0):
 def new generation   total 19008K, used 19007K [0x00000000c2a00000, 0x00000000c3ea0000, 0x00000000d7150000)
  eden space 16896K, 100% used [0x00000000c2a00000, 0x00000000c3a80000, 0x00000000c3a80000)
  from space 2112K,  99% used [0x00000000c3c90000, 0x00000000c3e9fff8, 0x00000000c3ea0000)
  to   space 2112K,   0% used [0x00000000c3a80000, 0x00000000c3a80000, 0x00000000c3c90000)
 tenured generation   total 42368K, used 4844K [0x00000000d7150000, 0x00000000d9ab0000, 0x0000000100000000)
   the space 42368K,  11% used [0x00000000d7150000, 0x00000000d760b158, 0x00000000d760b200, 0x00000000d9ab0000)
 Metaspace       used 15946K, capacity 16321K, committed 16640K, reserved 1064960K
  class space    used 1554K, capacity 1692K, committed 1792K, reserved 1048576K
}
Event: 5.542 GC heap after
{Heap after GC invocations=2 (full 0):
 def new generation   total 19008K, used 1134K [0x00000000c2a00000, 0x00000000c3ea0000, 0x00000000d7150000)
  eden space 16896K,   0% used [0x00000000c2a00000, 0x00000000c2a00000, 0x00000000c3a80000)
  from space 2112K,  53% used [0x00000000c3a80000, 0x00000000c3b9ba60, 0x00000000c3c90000)
  to   space 2112K,   0% used [0x00000000c3c90000, 0x00000000c3c90000, 0x00000000c3ea0000)
 tenured generation   total 42368K, used 6927K [0x00000000d7150000, 0x00000000d9ab0000, 0x0000000100000000)
   the space 42368K,  16% used [0x00000000d7150000, 0x00000000d7813fa0, 0x00000000d7814000, 0x00000000d9ab0000)
 Metaspace       used 15946K, capacity 16321K, committed 16640K, reserved 1064960K
  class space    used 1554K, capacity 1692K, committed 1792K, reserved 1048576K
}
Event: 7.406 GC heap before
{Heap before GC invocations=2 (full 0):
 def new generation   total 19008K, used 18030K [0x00000000c2a00000, 0x00000000c3ea0000, 0x00000000d7150000)
  eden space 16896K, 100% used [0x00000000c2a00000, 0x00000000c3a80000, 0x00000000c3a80000)
  from space 2112K,  53% used [0x00000000c3a80000, 0x00000000c3b9ba60, 0x00000000c3c90000)
  to   space 2112K,   0% used [0x00000000c3c90000, 0x00000000c3c90000, 0x00000000c3ea0000)
 tenured generation   total 42368K, used 6927K [0x00000000d7150000, 0x00000000d9ab0000, 0x0000000100000000)
   the space 42368K,  16% used [0x00000000d7150000, 0x00000000d7813fa0, 0x00000000d7814000, 0x00000000d9ab0000)
 Metaspace       used 19926K, capacity 20266K, committed 20736K, reserved 1067008K
  class space    used 2031K, capacity 2177K, committed 2304K, reserved 1048576K
}
Event: 7.443 GC heap after
{Heap after GC invocations=3 (full 0):
 def new generation   total 19008K, used 1218K [0x00000000c2a00000, 0x00000000c3ea0000, 0x00000000d7150000)
  eden space 16896K,   0% used [0x00000000c2a00000, 0x00000000c2a00000, 0x00000000c3a80000)
  from space 2112K,  57% used [0x00000000c3c90000, 0x00000000c3dc0bd8, 0x00000000c3ea0000)
  to   space 2112K,   0% used [0x00000000c3a80000, 0x00000000c3a80000, 0x00000000c3c90000)
 tenured generation   total 42368K, used 7972K [0x00000000d7150000, 0x00000000d9ab0000, 0x0000000100000000)
   the space 42368K,  18% used [0x00000000d7150000, 0x00000000d7919210, 0x00000000d7919400, 0x00000000d9ab0000)
 Metaspace       used 19926K, capacity 20266K, committed 20736K, reserved 1067008K
  class space    used 2031K, capacity 2177K, committed 2304K, reserved 1048576K
}
Event: 7.911 GC heap before
{Heap before GC invocations=3 (full 0):
 def new generation   total 19008K, used 5639K [0x00000000c2a00000, 0x00000000c3ea0000, 0x00000000d7150000)
  eden space 16896K,  26% used [0x00000000c2a00000, 0x00000000c2e51338, 0x00000000c3a80000)
  from space 2112K,  57% used [0x00000000c3c90000, 0x00000000c3dc0bd8, 0x00000000c3ea0000)
  to   space 2112K,   0% used [0x00000000c3a80000, 0x00000000c3a80000, 0x00000000c3c90000)
 tenured generation   total 42368K, used 7972K [0x00000000d7150000, 0x00000000d9ab0000, 0x0000000100000000)
   the space 42368K,  18% used [0x00000000d7150000, 0x00000000d7919210, 0x00000000d7919400, 0x00000000d9ab0000)
 Metaspace       used 20749K, capacity 21103K, committed 21296K, reserved 1069056K
  class space    used 2134K, capacity 2307K, committed 2352K, reserved 1048576K
}
Event: 7.958 GC heap after
{Heap after GC invocations=4 (full 1):
 def new generation   total 19136K, used 0K [0x00000000c2a00000, 0x00000000c3ec0000, 0x00000000d7150000)
  eden space 17024K,   0% used [0x00000000c2a00000, 0x00000000c2a00000, 0x00000000c3aa0000)
  from space 2112K,   0% used [0x00000000c3aa0000, 0x00000000c3aa0000, 0x00000000c3cb0000)
  to   space 2112K,   0% used [0x00000000c3cb0000, 0x00000000c3cb0000, 0x00000000c3ec0000)
 tenured generation   total 42368K, used 9724K [0x00000000d7150000, 0x00000000d9ab0000, 0x0000000100000000)
   the space 42368K,  22% used [0x00000000d7150000, 0x00000000d7acf318, 0x00000000d7acf400, 0x00000000d9ab0000)
 Metaspace       used 20749K, capacity 21103K, committed 21296K, reserved 1069056K
  class space    used 2134K, capacity 2307K, committed 2352K, reserved 1048576K
}
Event: 10.509 GC heap before
{Heap before GC invocations=4 (full 1):
 def new generation   total 19136K, used 17024K [0x00000000c2a00000, 0x00000000c3ec0000, 0x00000000d7150000)
  eden space 17024K, 100% used [0x00000000c2a00000, 0x00000000c3aa0000, 0x00000000c3aa0000)
  from space 2112K,   0% used [0x00000000c3aa0000, 0x00000000c3aa0000, 0x00000000c3cb0000)
  to   space 2112K,   0% used [0x00000000c3cb0000, 0x00000000c3cb0000, 0x00000000c3ec0000)
 tenured generation   total 42368K, used 9724K [0x00000000d7150000, 0x00000000d9ab0000, 0x0000000100000000)
   the space 42368K,  22% used [0x00000000d7150000, 0x00000000d7acf318, 0x00000000d7acf400, 0x00000000d9ab0000)
 Metaspace       used 22243K, capacity 22708K, committed 22960K, reserved 1069056K
  class space    used 2293K, capacity 2476K, committed 2480K, reserved 1048576K
}
Event: 10.532 GC heap after
{Heap after GC invocations=5 (full 1):
 def new generation   total 19136K, used 1664K [0x00000000c2a00000, 0x00000000c3ec0000, 0x00000000d7150000)
  eden space 17024K,   0% used [0x00000000c2a00000, 0x00000000c2a00000, 0x00000000c3aa0000)
  from space 2112K,  78% used [0x00000000c3cb0000, 0x00000000c3e50298, 0x00000000c3ec0000)
  to   space 2112K,   0% used [0x00000000c3aa0000, 0x00000000c3aa0000, 0x00000000c3cb0000)
 tenured generation   total 42368K, used 9724K [0x00000000d7150000, 0x00000000d9ab0000, 0x0000000100000000)
   the space 42368K,  22% used [0x00000000d7150000, 0x00000000d7acf318, 0x00000000d7acf400, 0x00000000d9ab0000)
 Metaspace       used 22243K, capacity 22708K, committed 22960K, reserved 1069056K
  class space    used 2293K, capacity 2476K, committed 2480K, reserved 1048576K
}
Event: 21.959 GC heap before
{Heap before GC invocations=5 (full 1):
 def new generation   total 19136K, used 13484K [0x00000000c2a00000, 0x00000000c3ec0000, 0x00000000d7150000)
  eden space 17024K,  69% used [0x00000000c2a00000, 0x00000000c358b000, 0x00000000c3aa0000)
  from space 2112K,  78% used [0x00000000c3cb0000, 0x00000000c3e50298, 0x00000000c3ec0000)
  to   space 2112K,   0% used [0x00000000c3aa0000, 0x00000000c3aa0000, 0x00000000c3cb0000)
 tenured generation   total 42368K, used 9724K [0x00000000d7150000, 0x00000000d9ab0000, 0x0000000100000000)
   the space 42368K,  22% used [0x00000000d7150000, 0x00000000d7acf318, 0x00000000d7acf400, 0x00000000d9ab0000)
 Metaspace       used 23236K, capacity 23679K, committed 24112K, reserved 1071104K
  class space    used 2404K, capacity 2608K, committed 2608K, reserved 1048576K
}
Event: 22.407 GC heap after
{Heap after GC invocations=6 (full 2):
 def new generation   total 19136K, used 0K [0x00000000c2a00000, 0x00000000c3ec0000, 0x00000000d7150000)
  eden space 17024K,   0% used [0x00000000c2a00000, 0x00000000c2a00000, 0x00000000c3aa0000)
  from space 2112K,   0% used [0x00000000c3aa0000, 0x00000000c3aa0000, 0x00000000c3cb0000)
  to   space 2112K,   0% used [0x00000000c3cb0000, 0x00000000c3cb0000, 0x00000000c3ec0000)
 tenured generation   total 42368K, used 11307K [0x00000000d7150000, 0x00000000d9ab0000, 0x0000000100000000)
   the space 42368K,  26% used [0x00000000d7150000, 0x00000000d7c5acb0, 0x00000000d7c5ae00, 0x00000000d9ab0000)
 Metaspace       used 23236K, capacity 23679K, committed 24112K, reserved 1071104K
  class space    used 2404K, capacity 2608K, committed 2608K, reserved 1048576K
}

