# JRE version: OpenJDK Runtime Environment (10.0.2+13) (build 10.0.2+13-Ubuntu-1ubuntu0.18.04.3)
# Java VM: OpenJDK 64-Bit Server VM (10.0.2+13-Ubuntu-1ubuntu0.18.04.3, mixed mode, tiered, compressed oops, serial gc, linux-amd64)
Heap:
 def new generation   total 19136K, used 0K [0x00000000c2a00000, 0x00000000c3ec0000, 0x00000000d7150000)
  eden space 17024K,   0% used [0x00000000c2a00000, 0x00000000c2a00000, 0x00000000c3aa0000)
  from space 2112K,   0% used [0x00000000c3aa0000, 0x00000000c3aa0000, 0x00000000c3cb0000)
  to   space 2112K,   0% used [0x00000000c3cb0000, 0x00000000c3cb0000, 0x00000000c3ec0000)
 tenured generation   total 42368K, used 11218K [0x00000000d7150000, 0x00000000d9ab0000, 0x0000000100000000)
   the space 42368K,  26% used [0x00000000d7150000, 0x00000000d7c44ab8, 0x00000000d7c44c00, 0x00000000d9ab0000)
 Metaspace       used 23281K, capacity 23742K, committed 24112K, reserved 1071104K
  class space    used 2406K, capacity 2608K, committed 2608K, reserved 1048576K
GC Heap History (10 events):
Event: 5.090 GC heap before
{Heap before GC invocations=1 (full 0):
 def new generation   total 19008K, used 19008K [0x00000000c2a00000, 0x00000000c3ea0000, 0x00000000d7150000)
  eden space 16896K, 100% used [0x00000000c2a00000, 0x00000000c3a80000, 0x00000000c3a80000)
  from space 2112K, 100% used [0x00000000c3c90000, 0x00000000c3ea0000, 0x00000000c3ea0000)
  to   space 2112K,   0% used [0x00000000c3a80000, 0x00000000c3a80000, 0x00000000c3c90000)
 tenured generation   total 42368K, used 4844K [0x00000000d7150000, 0x00000000d9ab0000, 0x0000000100000000)
   the space 42368K,  11% used [0x00000000d7150000, 0x00000000d760b238, 0x00000000d760b400, 0x00000000d9ab0000)
 Metaspace       used 15955K, capacity 16321K, committed 16640K, reserved 1064960K
  class space    used 1555K, capacity 1692K, committed 1792K, reserved 1048576K
}
Event: 5.127 GC heap after
{Heap after GC invocations=2 (full 0):
 def new generation   total 19008K, used 1130K [0x00000000c2a00000, 0x00000000c3ea0000, 0x00000000d7150000)
  eden space 16896K,   0% used [0x00000000c2a00000, 0x00000000c2a00000, 0x00000000c3a80000)
  from space 2112K,  53% used [0x00000000c3a80000, 0x00000000c3b9a948, 0x00000000c3c90000)
  to   space 2112K,   0% used [0x00000000c3c90000, 0x00000000c3c90000, 0x00000000c3ea0000)
 tenured generation   total 42368K, used 6928K [0x00000000d7150000, 0x00000000d9ab0000, 0x0000000100000000)
   the space 42368K,  16% used [0x00000000d7150000, 0x00000000d7814088, 0x00000000d7814200, 0x00000000d9ab0000)
 Metaspace       used 15955K, capacity 16321K, committed 16640K, reserved 1064960K
  class space    used 1555K, capacity 1692K, committed 1792K, reserved 1048576K
}
Event: 7.383 GC heap before
{Heap before GC invocations=2 (full 0):
 def new generation   total 19008K, used 18026K [0x00000000c2a00000, 0x00000000c3ea0000, 0x00000000d7150000)
  eden space 16896K, 100% used [0x00000000c2a00000, 0x00000000c3a80000, 0x00000000c3a80000)
  from space 2112K,  53% used [0x00000000c3a80000, 0x00000000c3b9a948, 0x00000000c3c90000)
  to   space 2112K,   0% used [0x00000000c3c90000, 0x00000000c3c90000, 0x00000000c3ea0000)
 tenured generation   total 42368K, used 6928K [0x00000000d7150000, 0x00000000d9ab0000, 0x0000000100000000)
   the space 42368K,  16% used [0x00000000d7150000, 0x00000000d7814088, 0x00000000d7814200, 0x00000000d9ab0000)
 Metaspace       used 19997K, capacity 20362K, committed 20736K, reserved 1067008K
  class space    used 2038K, capacity 2209K, committed 2304K, reserved 1048576K
}
Event: 7.463 GC heap after
{Heap after GC invocations=3 (full 0):
 def new generation   total 19008K, used 1218K [0x00000000c2a00000, 0x00000000c3ea0000, 0x00000000d7150000)
  eden space 16896K,   0% used [0x00000000c2a00000, 0x00000000c2a00000, 0x00000000c3a80000)
  from space 2112K,  57% used [0x00000000c3c90000, 0x00000000c3dc0970, 0x00000000c3ea0000)
  to   space 2112K,   0% used [0x00000000c3a80000, 0x00000000c3a80000, 0x00000000c3c90000)
 tenured generation   total 42368K, used 7972K [0x00000000d7150000, 0x00000000d9ab0000, 0x0000000100000000)
   the space 42368K,  18% used [0x00000000d7150000, 0x00000000d79191e0, 0x00000000d7919200, 0x00000000d9ab0000)
 Metaspace       used 19997K, capacity 20362K, committed 20736K, reserved 1067008K
  class space    used 2038K, capacity 2209K, committed 2304K, reserved 1048576K
}
Event: 7.755 GC heap before
{Heap before GC invocations=3 (full 0):
 def new generation   total 19008K, used 4519K [0x00000000c2a00000, 0x00000000c3ea0000, 0x00000000d7150000)
  eden space 16896K,  19% used [0x00000000c2a00000, 0x00000000c2d393c8, 0x00000000c3a80000)
  from space 2112K,  57% used [0x00000000c3c90000, 0x00000000c3dc0970, 0x00000000c3ea0000)
  to   space 2112K,   0% used [0x00000000c3a80000, 0x00000000c3a80000, 0x00000000c3c90000)
 tenured generation   total 42368K, used 7972K [0x00000000d7150000, 0x00000000d9ab0000, 0x0000000100000000)
   the space 42368K,  18% used [0x00000000d7150000, 0x00000000d79191e0, 0x00000000d7919200, 0x00000000d9ab0000)
 Metaspace       used 20716K, capacity 21098K, committed 21296K, reserved 1069056K
  class space    used 2131K, capacity 2305K, committed 2352K, reserved 1048576K
}
Event: 7.806 GC heap after
{Heap after GC invocations=4 (full 1):
 def new generation   total 19136K, used 0K [0x00000000c2a00000, 0x00000000c3ec0000, 0x00000000d7150000)
  eden space 17024K,   0% used [0x00000000c2a00000, 0x00000000c2a00000, 0x00000000c3aa0000)
  from space 2112K,   0% used [0x00000000c3aa0000, 0x00000000c3aa0000, 0x00000000c3cb0000)
  to   space 2112K,   0% used [0x00000000c3cb0000, 0x00000000c3cb0000, 0x00000000c3ec0000)
 tenured generation   total 42368K, used 9302K [0x00000000d7150000, 0x00000000d9ab0000, 0x0000000100000000)
   the space 42368K,  21% used [0x00000000d7150000, 0x00000000d7a65a58, 0x00000000d7a65c00, 0x00000000d9ab0000)
 Metaspace       used 20716K, capacity 21098K, committed 21296K, reserved 1069056K
  class space    used 2131K, capacity 2305K, committed 2352K, reserved 1048576K
}
Event: 10.450 GC heap before
{Heap before GC invocations=4 (full 1):
 def new generation   total 19136K, used 17024K [0x00000000c2a00000, 0x00000000c3ec0000, 0x00000000d7150000)
  eden space 17024K, 100% used [0x00000000c2a00000, 0x00000000c3aa0000, 0x00000000c3aa0000)
  from space 2112K,   0% used [0x00000000c3aa0000, 0x00000000c3aa0000, 0x00000000c3cb0000)
  to   space 2112K,   0% used [0x00000000c3cb0000, 0x00000000c3cb0000, 0x00000000c3ec0000)
 tenured generation   total 42368K, used 9302K [0x00000000d7150000, 0x00000000d9ab0000, 0x0000000100000000)
   the space 42368K,  21% used [0x00000000d7150000, 0x00000000d7a65a58, 0x00000000d7a65c00, 0x00000000d9ab0000)
 Metaspace       used 22287K, capacity 22770K, committed 22960K, reserved 1069056K
  class space    used 2295K, capacity 2476K, committed 2480K, reserved 1048576K
}
Event: 10.461 GC heap after
{Heap after GC invocations=5 (full 1):
 def new generation   total 19136K, used 2081K [0x00000000c2a00000, 0x00000000c3ec0000, 0x00000000d7150000)
  eden space 17024K,   0% used [0x00000000c2a00000, 0x00000000c2a00000, 0x00000000c3aa0000)
  from space 2112K,  98% used [0x00000000c3cb0000, 0x00000000c3eb86a0, 0x00000000c3ec0000)
  to   space 2112K,   0% used [0x00000000c3aa0000, 0x00000000c3aa0000, 0x00000000c3cb0000)
 tenured generation   total 42368K, used 9302K [0x00000000d7150000, 0x00000000d9ab0000, 0x0000000100000000)
   the space 42368K,  21% used [0x00000000d7150000, 0x00000000d7a65a58, 0x00000000d7a65c00, 0x00000000d9ab0000)
 Metaspace       used 22287K, capacity 22770K, committed 22960K, reserved 1069056K
  class space    used 2295K, capacity 2476K, committed 2480K, reserved 1048576K
}
Event: 38.584 GC heap before
{Heap before GC invocations=5 (full 1):
 def new generation   total 19136K, used 14722K [0x00000000c2a00000, 0x00000000c3ec0000, 0x00000000d7150000)
  eden space 17024K,  74% used [0x00000000c2a00000, 0x00000000c3658430, 0x00000000c3aa0000)
  from space 2112K,  98% used [0x00000000c3cb0000, 0x00000000c3eb86a0, 0x00000000c3ec0000)
  to   space 2112K,   0% used [0x00000000c3aa0000, 0x00000000c3aa0000, 0x00000000c3cb0000)
 tenured generation   total 42368K, used 9302K [0x00000000d7150000, 0x00000000d9ab0000, 0x0000000100000000)
   the space 42368K,  21% used [0x00000000d7150000, 0x00000000d7a65a58, 0x00000000d7a65c00, 0x00000000d9ab0000)
 Metaspace       used 23281K, capacity 23742K, committed 24112K, reserved 1071104K
  class space    used 2406K, capacity 2608K, committed 2608K, reserved 1048576K
}
Event: 40.265 GC heap after
{Heap after GC invocations=6 (full 2):
 def new generation   total 19136K, used 0K [0x00000000c2a00000, 0x00000000c3ec0000, 0x00000000d7150000)
  eden space 17024K,   0% used [0x00000000c2a00000, 0x00000000c2a00000, 0x00000000c3aa0000)
  from space 2112K,   0% used [0x00000000c3aa0000, 0x00000000c3aa0000, 0x00000000c3cb0000)
  to   space 2112K,   0% used [0x00000000c3cb0000, 0x00000000c3cb0000, 0x00000000c3ec0000)
 tenured generation   total 42368K, used 11218K [0x00000000d7150000, 0x00000000d9ab0000, 0x0000000100000000)
   the space 42368K,  26% used [0x00000000d7150000, 0x00000000d7c44ab8, 0x00000000d7c44c00, 0x00000000d9ab0000)
 Metaspace       used 23281K, capacity 23742K, committed 24112K, reserved 1071104K
  class space    used 2406K, capacity 2608K, committed 2608K, reserved 1048576K
}

